# JRE version: OpenJDK Runtime Environment (11.0.10) (build 11.0.10+0-b96-7249189)
# Java VM: OpenJDK 64-Bit Server VM (11.0.10+0-b96-7249189, mixed mode, tiered, compressed oops, g1 gc, windows-amd64)
Heap:
 garbage-first heap   total 427008K, used 154642K [0x0000000080000000, 0x0000000100000000)
  region size 1024K, 13 young (13312K), 3 survivors (3072K)
 Metaspace       used 136760K, capacity 140907K, committed 141144K, reserved 1171456K
  class space    used 16988K, capacity 18486K, committed 18520K, reserved 1048576K
GC Heap History (20 events):
Event: 872.021 GC heap before
{Heap before GC invocations=116 (full 0):
 garbage-first heap   total 357376K, used 301132K [0x0000000080000000, 0x0000000100000000)
  region size 1024K, 145 young (148480K), 2 survivors (2048K)
 Metaspace       used 135689K, capacity 139731K, committed 139992K, reserved 1171456K
  class space    used 16872K, capacity 18314K, committed 18392K, reserved 1048576K
}
Event: 872.028 GC heap after
{Heap after GC invocations=117 (full 0):
 garbage-first heap   total 357376K, used 155724K [0x0000000080000000, 0x0000000100000000)
  region size 1024K, 3 young (3072K), 3 survivors (3072K)
 Metaspace       used 135689K, capacity 139731K, committed 139992K, reserved 1171456K
  class space    used 16872K, capacity 18314K, committed 18392K, reserved 1048576K
}
Event: 872.057 GC heap before
{Heap before GC invocations=117 (full 0):
 garbage-first heap   total 357376K, used 170060K [0x0000000080000000, 0x0000000100000000)
  region size 1024K, 17 young (17408K), 3 survivors (3072K)
 Metaspace       used 135689K, capacity 139731K, committed 139992K, reserved 1171456K
  class space    used 16872K, capacity 18314K, committed 18392K, reserved 1048576K
}
Event: 872.063 GC heap after
{Heap after GC invocations=118 (full 0):
 garbage-first heap   total 357376K, used 150337K [0x0000000080000000, 0x0000000100000000)
  region size 1024K, 1 young (1024K), 1 survivors (1024K)
 Metaspace       used 135689K, capacity 139731K, committed 139992K, reserved 1171456K
  class space    used 16872K, capacity 18314K, committed 18392K, reserved 1048576K
}
Event: 872.385 GC heap before
{Heap before GC invocations=118 (full 0):
 garbage-first heap   total 357376K, used 298817K [0x0000000080000000, 0x0000000100000000)
  region size 1024K, 146 young (149504K), 1 survivors (1024K)
 Metaspace       used 135695K, capacity 139732K, committed 139992K, reserved 1171456K
  class space    used 16872K, capacity 18314K, committed 18392K, reserved 1048576K
}
Event: 872.390 GC heap after
{Heap after GC invocations=119 (full 0):
 garbage-first heap   total 357376K, used 150690K [0x0000000080000000, 0x0000000100000000)
  region size 1024K, 2 young (2048K), 2 survivors (2048K)
 Metaspace       used 135695K, capacity 139732K, committed 139992K, reserved 1171456K
  class space    used 16872K, capacity 18314K, committed 18392K, reserved 1048576K
}
Event: 872.844 GC heap before
{Heap before GC invocations=120 (full 0):
 garbage-first heap   total 357376K, used 301218K [0x0000000080000000, 0x0000000100000000)
  region size 1024K, 148 young (151552K), 2 survivors (2048K)
 Metaspace       used 135844K, capacity 139888K, committed 139992K, reserved 1171456K
  class space    used 16872K, capacity 18314K, committed 18392K, reserved 1048576K
}
Event: 872.850 GC heap after
{Heap after GC invocations=121 (full 0):
 garbage-first heap   total 357376K, used 151054K [0x0000000080000000, 0x0000000100000000)
  region size 1024K, 2 young (2048K), 2 survivors (2048K)
 Metaspace       used 135844K, capacity 139888K, committed 139992K, reserved 1171456K
  class space    used 16872K, capacity 18314K, committed 18392K, reserved 1048576K
}
Event: 872.888 GC heap before
{Heap before GC invocations=121 (full 0):
 garbage-first heap   total 357376K, used 166414K [0x0000000080000000, 0x0000000100000000)
  region size 1024K, 17 young (17408K), 2 survivors (2048K)
 Metaspace       used 135844K, capacity 139888K, committed 139992K, reserved 1171456K
  class space    used 16872K, capacity 18314K, committed 18392K, reserved 1048576K
}
Event: 872.895 GC heap after
{Heap after GC invocations=122 (full 0):
 garbage-first heap   total 357376K, used 147798K [0x0000000080000000, 0x0000000100000000)
  region size 1024K, 2 young (2048K), 2 survivors (2048K)
 Metaspace       used 135844K, capacity 139888K, committed 139992K, reserved 1171456K
  class space    used 16872K, capacity 18314K, committed 18392K, reserved 1048576K
}
Event: 873.381 GC heap before
{Heap before GC invocations=122 (full 0):
 garbage-first heap   total 357376K, used 308566K [0x0000000080000000, 0x0000000100000000)
  region size 1024K, 159 young (162816K), 2 survivors (2048K)
 Metaspace       used 136117K, capacity 140157K, committed 140376K, reserved 1171456K
  class space    used 16912K, capacity 18360K, committed 18520K, reserved 1048576K
}
Event: 873.388 GC heap after
{Heap after GC invocations=123 (full 0):
 garbage-first heap   total 357376K, used 148187K [0x0000000080000000, 0x0000000100000000)
  region size 1024K, 3 young (3072K), 3 survivors (3072K)
 Metaspace       used 136117K, capacity 140157K, committed 140376K, reserved 1171456K
  class space    used 16912K, capacity 18360K, committed 18520K, reserved 1048576K
}
Event: 874.172 GC heap before
{Heap before GC invocations=124 (full 0):
 garbage-first heap   total 357376K, used 308955K [0x0000000080000000, 0x0000000100000000)
  region size 1024K, 160 young (163840K), 3 survivors (3072K)
 Metaspace       used 136157K, capacity 140236K, committed 140632K, reserved 1171456K
  class space    used 16915K, capacity 18365K, committed 18520K, reserved 1048576K
}
Event: 874.182 GC heap after
{Heap after GC invocations=125 (full 0):
 garbage-first heap   total 357376K, used 148718K [0x0000000080000000, 0x0000000100000000)
  region size 1024K, 3 young (3072K), 3 survivors (3072K)
 Metaspace       used 136157K, capacity 140236K, committed 140632K, reserved 1171456K
  class space    used 16915K, capacity 18365K, committed 18520K, reserved 1048576K
}
Event: 874.384 GC heap before
{Heap before GC invocations=125 (full 0):
 garbage-first heap   total 357376K, used 163054K [0x0000000080000000, 0x0000000100000000)
  region size 1024K, 17 young (17408K), 3 survivors (3072K)
 Metaspace       used 136389K, capacity 140521K, committed 140632K, reserved 1171456K
  class space    used 16964K, capacity 18441K, committed 18520K, reserved 1048576K
}
Event: 874.398 GC heap after
{Heap after GC invocations=126 (full 0):
 garbage-first heap   total 427008K, used 144396K [0x0000000080000000, 0x0000000100000000)
  region size 1024K, 2 young (2048K), 2 survivors (2048K)
 Metaspace       used 136389K, capacity 140521K, committed 140632K, reserved 1171456K
  class space    used 16964K, capacity 18441K, committed 18520K, reserved 1048576K
}
Event: 874.581 GC heap before
{Heap before GC invocations=126 (full 0):
 garbage-first heap   total 427008K, used 161804K [0x0000000080000000, 0x0000000100000000)
  region size 1024K, 20 young (20480K), 2 survivors (2048K)
 Metaspace       used 136470K, capacity 140613K, committed 140888K, reserved 1171456K
  class space    used 16964K, capacity 18441K, committed 18520K, reserved 1048576K
}
Event: 874.590 GC heap after
{Heap after GC invocations=127 (full 0):
 garbage-first heap   total 427008K, used 145434K [0x0000000080000000, 0x0000000100000000)
  region size 1024K, 3 young (3072K), 3 survivors (3072K)
 Metaspace       used 136470K, capacity 140613K, committed 140888K, reserved 1171456K
  class space    used 16964K, capacity 18441K, committed 18520K, reserved 1048576K
}
Event: 875.754 GC heap before
{Heap before GC invocations=128 (full 0):
 garbage-first heap   total 427008K, used 227354K [0x0000000080000000, 0x0000000100000000)
  region size 1024K, 83 young (84992K), 3 survivors (3072K)
 Metaspace       used 136549K, capacity 140704K, committed 140888K, reserved 1171456K
  class space    used 16966K, capacity 18446K, committed 18520K, reserved 1048576K
}
Event: 875.762 GC heap after
{Heap after GC invocations=129 (full 0):
 garbage-first heap   total 427008K, used 145426K [0x0000000080000000, 0x0000000100000000)
  region size 1024K, 3 young (3072K), 3 survivors (3072K)
 Metaspace       used 136549K, capacity 140704K, committed 140888K, reserved 1171456K
  class space    used 16966K, capacity 18446K, committed 18520K, reserved 1048576K
}

